<?xml version="1.0" encoding="UTF-8"?>
<robot generator="Robot 7.4.2 (Python 3.13.0 on win32)" generated="2026-06-15T17:14:50.657895" rpa="false" schemaversion="5">
<suite id="s1" name="TC1" source="F:\Python_Git\Robot_Framework\TestCases\TC1.robot">
<test id="s1-t1" name="Login With Valid Credentials" line="8">
<kw name="Open Browser" owner="SeleniumLibrary">
<msg time="2026-06-15T17:14:53.603092" level="INFO">Opening browser 'Chrome' to base url 'https://opensource-demo.orangehrmlive.com/web/index.php/auth/login'.</msg>
<arg>${URL}</arg>
<arg>Chrome</arg>
<doc>Opens a new browser instance to the optional ``url``.</doc>
<status status="PASS" start="2026-06-15T17:14:53.602765" elapsed="82.233195"/>
</kw>
<kw name="Maximize Browser Window" owner="SeleniumLibrary">
<doc>Maximizes current browser window.</doc>
<status status="PASS" start="2026-06-15T17:16:15.836439" elapsed="0.027511"/>
</kw>
<kw name="Wait Until Page Contains Element" owner="SeleniumLibrary">
<arg>xpath=//input[@name='username']</arg>
<arg>timeout=10s</arg>
<doc>Waits until the element ``locator`` appears on the current page.</doc>
<status status="PASS" start="2026-06-15T17:16:15.864400" elapsed="1.105443"/>
</kw>
<kw name="Input Text" owner="SeleniumLibrary">
<msg time="2026-06-15T17:16:16.970483" level="INFO">Typing text 'Admin' into text field 'xpath=//input[@name='username']'.</msg>
<arg>xpath=//input[@name='username']</arg>
<arg>Admin</arg>
<doc>Types the given ``text`` into the text field identified by ``locator``.</doc>
<status status="PASS" start="2026-06-15T17:16:16.970154" elapsed="0.096163"/>
</kw>
<kw name="Wait Until Page Contains Element" owner="SeleniumLibrary">
<arg>xpath=//input[@name='password']</arg>
<arg>timeout=10s</arg>
<doc>Waits until the element ``locator`` appears on the current page.</doc>
<status status="PASS" start="2026-06-15T17:16:17.066751" elapsed="0.015224"/>
</kw>
<kw name="Input Text" owner="SeleniumLibrary">
<msg time="2026-06-15T17:16:17.083011" level="INFO">Typing text 'admin123' into text field 'xpath=//input[@name='password']'.</msg>
<arg>xpath=//input[@name='password']</arg>
<arg>admin123</arg>
<doc>Types the given ``text`` into the text field identified by ``locator``.</doc>
<status status="PASS" start="2026-06-15T17:16:17.082552" elapsed="0.090746"/>
</kw>
<kw name="Click Button" owner="SeleniumLibrary">
<msg time="2026-06-15T17:16:17.173940" level="INFO">Clicking button 'xpath=//button[@type='submit']'.</msg>
<arg>xpath=//button[@type='submit']</arg>
<doc>Clicks the button identified by ``locator``.</doc>
<status status="PASS" start="2026-06-15T17:16:17.173601" elapsed="0.087688"/>
</kw>
<kw name="Sleep" owner="BuiltIn">
<msg time="2026-06-15T17:16:20.262495" level="INFO">Slept 3 seconds.</msg>
<arg>3s</arg>
<doc>Pauses the test executed for the given time.</doc>
<status status="PASS" start="2026-06-15T17:16:17.261753" elapsed="3.000916"/>
</kw>
<kw name="Close Browser" owner="SeleniumLibrary">
<doc>Closes the current browser.</doc>
<status status="PASS" start="2026-06-15T17:16:20.263092" elapsed="2.257285"/>
</kw>
<status status="PASS" start="2026-06-15T17:14:53.601635" elapsed="88.919402"/>
</test>
<status status="PASS" start="2026-06-15T17:14:50.669382" elapsed="91.852515"/>
</suite>
<statistics>
<total>
<stat pass="1" fail="0" skip="0">All Tests</stat>
</total>
<tag>
</tag>
<suite>
<stat name="TC1" id="s1" pass="1" fail="0" skip="0">TC1</stat>
</suite>
</statistics>
<errors>
</errors>
</robot>
